Determining if the pthread_create exist failed with the following output:
Change Dir: /home/peter/Documents/Programming/space-concordia/spacecraft/SpacecraftSoftware/radiation-tests/RadiationTestsRunner/build/CMakeFiles/CMakeTmp

Run Build Command:"/usr/bin/make" "cmTC_f5746/fast"
/usr/bin/make -f CMakeFiles/cmTC_f5746.dir/build.make CMakeFiles/cmTC_f5746.dir/build
make[1]: Entering directory '/home/peter/Documents/Programming/space-concordia/spacecraft/SpacecraftSoftware/radiation-tests/RadiationTestsRunner/build/CMakeFiles/CMakeTmp'
Building C object CMakeFiles/cmTC_f5746.dir/CheckSymbolExists.c.o
/usr/bin/cc    -o CMakeFiles/cmTC_f5746.dir/CheckSymbolExists.c.o   -c /home/peter/Documents/Programming/space-concordia/spacecraft/SpacecraftSoftware/radiation-tests/RadiationTestsRunner/build/CMakeFiles/CMakeTmp/CheckSymbolExists.c
Linking C executable cmTC_f5746
/usr/bin/cmake -E cmake_link_script CMakeFiles/cmTC_f5746.dir/link.txt --verbose=1
/usr/bin/cc      CMakeFiles/cmTC_f5746.dir/CheckSymbolExists.c.o  -o cmTC_f5746 
CMakeFiles/cmTC_f5746.dir/CheckSymbolExists.c.o: In function `main':
CheckSymbolExists.c:(.text+0x1b): undefined reference to `pthread_create'
collect2: error: ld returned 1 exit status
CMakeFiles/cmTC_f5746.dir/build.make:97: recipe for target 'cmTC_f5746' failed
make[1]: *** [cmTC_f5746] Error 1
make[1]: Leaving directory '/home/peter/Documents/Programming/space-concordia/spacecraft/SpacecraftSoftware/radiation-tests/RadiationTestsRunner/build/CMakeFiles/CMakeTmp'
Makefile:126: recipe for target 'cmTC_f5746/fast' failed
make: *** [cmTC_f5746/fast] Error 2

File /home/peter/Documents/Programming/space-concordia/spacecraft/SpacecraftSoftware/radiation-tests/RadiationTestsRunner/build/CMakeFiles/CMakeTmp/CheckSymbolExists.c:
/* */
#include <pthread.h>

int main(int argc, char** argv)
{
  (void)argv;
#ifndef pthread_create
  return ((int*)(&pthread_create))[argc];
#else
  (void)argc;
  return 0;
#endif
}

Determining if the function pthread_create exists in the pthreads failed with the following output:
Change Dir: /home/peter/Documents/Programming/space-concordia/spacecraft/SpacecraftSoftware/radiation-tests/RadiationTestsRunner/build/CMakeFiles/CMakeTmp

Run Build Command:"/usr/bin/make" "cmTC_45727/fast"
/usr/bin/make -f CMakeFiles/cmTC_45727.dir/build.make CMakeFiles/cmTC_45727.dir/build
make[1]: Entering directory '/home/peter/Documents/Programming/space-concordia/spacecraft/SpacecraftSoftware/radiation-tests/RadiationTestsRunner/build/CMakeFiles/CMakeTmp'
Building C object CMakeFiles/cmTC_45727.dir/CheckFunctionExists.c.o
/usr/bin/cc   -DCHECK_FUNCTION_EXISTS=pthread_create   -o CMakeFiles/cmTC_45727.dir/CheckFunctionExists.c.o   -c /usr/share/cmake-3.9/Modules/CheckFunctionExists.c
Linking C executable cmTC_45727
/usr/bin/cmake -E cmake_link_script CMakeFiles/cmTC_45727.dir/link.txt --verbose=1
/usr/bin/cc  -DCHECK_FUNCTION_EXISTS=pthread_create    CMakeFiles/cmTC_45727.dir/CheckFunctionExists.c.o  -o cmTC_45727 -lpthreads 
/usr/bin/ld: cannot find -lpthreads
collect2: error: ld returned 1 exit status
CMakeFiles/cmTC_45727.dir/build.make:97: recipe for target 'cmTC_45727' failed
make[1]: *** [cmTC_45727] Error 1
make[1]: Leaving directory '/home/peter/Documents/Programming/space-concordia/spacecraft/SpacecraftSoftware/radiation-tests/RadiationTestsRunner/build/CMakeFiles/CMakeTmp'
Makefile:126: recipe for target 'cmTC_45727/fast' failed
make: *** [cmTC_45727/fast] Error 2


